08:55:28 INFO:Epoch 0: Convergence estimate: 19.43594657011843
08:55:29 INFO:Epoch 0: Perplexity estimate: 3022.358671495834
08:56:04 INFO:Epoch 0: Coherence estimate: 0.48487507272199526
08:56:05 INFO:Epoch 0: Coherence estimate: -18.226930883292543
08:56:07 INFO:Epoch 1: Convergence estimate: 10.427481080423485
08:56:08 INFO:Epoch 1: Perplexity estimate: 2779.9716186561645
08:56:43 INFO:Epoch 1: Coherence estimate: 0.4764700449466136
08:56:43 INFO:Epoch 1: Coherence estimate: -18.10510800335276
08:56:46 INFO:Epoch 2: Convergence estimate: 10.847274299575409
08:56:47 INFO:Epoch 2: Perplexity estimate: 2657.0628679792935
08:57:21 INFO:Epoch 2: Coherence estimate: 0.4557355682762337
08:57:21 INFO:Epoch 2: Coherence estimate: -17.598308726875125
08:57:24 INFO:Epoch 3: Convergence estimate: 11.661483395626831
08:57:26 INFO:Epoch 3: Perplexity estimate: 2592.845845760647
08:58:00 INFO:Epoch 3: Coherence estimate: 0.44652839653247733
08:58:01 INFO:Epoch 3: Coherence estimate: -17.48753908920221
08:58:03 INFO:Epoch 4: Convergence estimate: 9.098621626868571
08:58:04 INFO:Epoch 4: Perplexity estimate: 2555.3842896018455
08:58:39 INFO:Epoch 4: Coherence estimate: 0.452636745578509
08:58:39 INFO:Epoch 4: Coherence estimate: -17.61213258351487
08:58:42 INFO:Epoch 5: Convergence estimate: 7.105481136348933
08:58:44 INFO:Epoch 5: Perplexity estimate: 2531.1944520965217
08:59:17 INFO:Epoch 5: Coherence estimate: 0.4478872426234175
08:59:17 INFO:Epoch 5: Coherence estimate: -17.571965364271616
08:59:21 INFO:Epoch 6: Convergence estimate: 6.6231328444095166
08:59:22 INFO:Epoch 6: Perplexity estimate: 2513.604035359621
09:00:01 INFO:Epoch 6: Coherence estimate: 0.45247153619374475
09:00:01 INFO:Epoch 6: Coherence estimate: -17.57556470295831
09:00:04 INFO:Epoch 7: Convergence estimate: 9.554455445544564
09:00:05 INFO:Epoch 7: Perplexity estimate: 2498.3293211531523
09:00:38 INFO:Epoch 7: Coherence estimate: 0.4554266792875873
09:00:38 INFO:Epoch 7: Coherence estimate: -17.41581603302665
09:00:43 INFO:Epoch 8: Convergence estimate: 6.079013783731316
09:00:44 INFO:Epoch 8: Perplexity estimate: 2487.1370049938487
09:01:19 INFO:Epoch 8: Coherence estimate: 0.4464201104092377
09:01:19 INFO:Epoch 8: Coherence estimate: -17.37164355477599
09:01:23 INFO:Epoch 9: Convergence estimate: 5.54455445544555
09:01:24 INFO:Epoch 9: Perplexity estimate: 2478.6618495104767
09:01:57 INFO:Epoch 9: Coherence estimate: 0.4504367777964425
09:01:57 INFO:Epoch 9: Coherence estimate: -17.422842862187167
09:02:02 INFO:Epoch 10: Convergence estimate: 5.039603960396045
09:02:03 INFO:Epoch 10: Perplexity estimate: 2471.403530352245
09:02:37 INFO:Epoch 10: Coherence estimate: 0.44543999284059177
09:02:37 INFO:Epoch 10: Coherence estimate: -17.420090240584308
09:02:42 INFO:Epoch 11: Convergence estimate: 6.0
09:02:43 INFO:Epoch 11: Perplexity estimate: 2465.709022255233
09:03:16 INFO:Epoch 11: Coherence estimate: 0.445940492794772
09:03:16 INFO:Epoch 11: Coherence estimate: -17.324976632276957
09:03:22 INFO:Epoch 12: Convergence estimate: 3.514851485148517
09:03:23 INFO:Epoch 12: Perplexity estimate: 2460.8683783061088
09:03:56 INFO:Epoch 12: Coherence estimate: 0.4434384915766085
09:03:56 INFO:Epoch 12: Coherence estimate: -17.211194472551405
09:04:02 INFO:Epoch 13: Convergence estimate: 3.0
09:04:02 INFO:Epoch 13: Perplexity estimate: 2456.016457659781
09:04:36 INFO:Epoch 13: Coherence estimate: 0.44192758632539303
09:04:36 INFO:Epoch 13: Coherence estimate: -17.190259858875752
09:04:42 INFO:Epoch 14: Convergence estimate: 4.0
09:04:43 INFO:Epoch 14: Perplexity estimate: 2452.4216292782035
09:05:15 INFO:Epoch 14: Coherence estimate: 0.4430306495695274
09:05:15 INFO:Epoch 14: Coherence estimate: -17.26263069753565
09:05:21 INFO:Epoch 15: Convergence estimate: 6.0
09:05:23 INFO:Epoch 15: Perplexity estimate: 2449.377374851726
09:05:56 INFO:Epoch 15: Coherence estimate: 0.4430306495695274
09:05:56 INFO:Epoch 15: Coherence estimate: -17.265228812175195
09:06:02 INFO:Epoch 16: Convergence estimate: 5.0
09:06:03 INFO:Epoch 16: Perplexity estimate: 2446.02626010822
09:06:36 INFO:Epoch 16: Coherence estimate: 0.4438862609699018
09:06:36 INFO:Epoch 16: Coherence estimate: -17.19215642227767
09:06:43 INFO:Epoch 17: Convergence estimate: 6.0
09:06:44 INFO:Epoch 17: Perplexity estimate: 2443.363197809736
09:07:17 INFO:Epoch 17: Coherence estimate: 0.43951714425450394
09:07:17 INFO:Epoch 17: Coherence estimate: -17.05098398136984
09:07:24 INFO:Epoch 18: Convergence estimate: 2.5148514851485175
09:07:26 INFO:Epoch 18: Perplexity estimate: 2440.9077978200644
09:07:58 INFO:Epoch 18: Coherence estimate: 0.44060601881122496
09:07:58 INFO:Epoch 18: Coherence estimate: -17.052381058201227
09:08:08 INFO:Epoch 19: Convergence estimate: 4.53465346534654
09:08:09 INFO:Epoch 19: Perplexity estimate: 2438.401157168842
09:08:42 INFO:Epoch 19: Coherence estimate: 0.44060601881122496
09:08:42 INFO:Epoch 19: Coherence estimate: -17.054095630722895
09:08:49 INFO:Epoch 20: Convergence estimate: 6.0
09:08:50 INFO:Epoch 20: Perplexity estimate: 2435.7826361116113
09:09:22 INFO:Epoch 20: Coherence estimate: 0.44065263657787357
09:09:23 INFO:Epoch 20: Coherence estimate: -17.05169339708697
09:09:30 INFO:Epoch 21: Convergence estimate: 6.0
09:09:31 INFO:Epoch 21: Perplexity estimate: 2433.540193964445
09:10:03 INFO:Epoch 21: Coherence estimate: 0.442750045438644
09:10:03 INFO:Epoch 21: Coherence estimate: -17.0988501604664
09:10:11 INFO:Epoch 22: Convergence estimate: 0.0
09:10:12 INFO:Epoch 22: Perplexity estimate: 2431.403715028775
09:10:45 INFO:Epoch 22: Coherence estimate: 0.442750045438644
09:10:45 INFO:Epoch 22: Coherence estimate: -17.102166397122524
09:10:53 INFO:Epoch 23: Convergence estimate: 4.0
09:10:54 INFO:Epoch 23: Perplexity estimate: 2429.5117098070414
09:11:27 INFO:Epoch 23: Coherence estimate: 0.4420354862384264
09:11:27 INFO:Epoch 23: Coherence estimate: -17.077761369364787
09:11:36 INFO:Epoch 24: Convergence estimate: 6.0
09:11:37 INFO:Epoch 24: Perplexity estimate: 2427.9334153731734
09:12:11 INFO:Epoch 24: Coherence estimate: 0.4415439832999586
09:12:11 INFO:Epoch 24: Coherence estimate: -17.076097419811003
09:12:20 INFO:Epoch 25: Convergence estimate: 3.0
09:12:21 INFO:Epoch 25: Perplexity estimate: 2426.3000086502325
09:12:54 INFO:Epoch 25: Coherence estimate: 0.4437573405975176
09:12:54 INFO:Epoch 25: Coherence estimate: -17.194170240798947
09:13:05 INFO:Epoch 26: Convergence estimate: 5.0
09:13:06 INFO:Epoch 26: Perplexity estimate: 2425.7312934504807
09:13:38 INFO:Epoch 26: Coherence estimate: 0.44497526336834997
09:13:38 INFO:Epoch 26: Coherence estimate: -17.237198281076584
09:13:48 INFO:Epoch 27: Convergence estimate: 1.0
09:13:49 INFO:Epoch 27: Perplexity estimate: 2424.2561031545292
09:14:23 INFO:Epoch 27: Coherence estimate: 0.444891450742511
09:14:23 INFO:Epoch 27: Coherence estimate: -17.260860264444048
09:14:32 INFO:Epoch 28: Convergence estimate: 6.0
09:14:33 INFO:Epoch 28: Perplexity estimate: 2423.6494790807237
09:15:07 INFO:Epoch 28: Coherence estimate: 0.4451988475158487
09:15:07 INFO:Epoch 28: Coherence estimate: -17.23662753599336
09:15:16 INFO:Epoch 29: Convergence estimate: 1.0
09:15:18 INFO:Epoch 29: Perplexity estimate: 2423.0049348981283
09:15:50 INFO:Epoch 29: Coherence estimate: 0.4451988475158487
09:15:50 INFO:Epoch 29: Coherence estimate: -17.23760413037706
09:16:01 INFO:Epoch 30: Convergence estimate: 5.0
09:16:02 INFO:Epoch 30: Perplexity estimate: 2421.8406007787094
09:16:35 INFO:Epoch 30: Coherence estimate: 0.4451988475158487
09:16:36 INFO:Epoch 30: Coherence estimate: -17.238876459134538
09:16:47 INFO:Epoch 31: Convergence estimate: 5.0
09:16:48 INFO:Epoch 31: Perplexity estimate: 2420.983948930971
09:17:21 INFO:Epoch 31: Coherence estimate: 0.44828795097568347
09:17:21 INFO:Epoch 31: Coherence estimate: -17.3314107134482
09:17:34 INFO:Epoch 32: Convergence estimate: 1.0
09:17:36 INFO:Epoch 32: Perplexity estimate: 2420.7120908498687
09:18:09 INFO:Epoch 32: Coherence estimate: 0.44828795097568347
09:18:09 INFO:Epoch 32: Coherence estimate: -17.331549783607038
09:18:20 INFO:Epoch 33: Convergence estimate: 0.0
09:18:22 INFO:Epoch 33: Perplexity estimate: 2419.6690049266244
09:18:55 INFO:Epoch 33: Coherence estimate: 0.4468681994743541
09:18:55 INFO:Epoch 33: Coherence estimate: -17.30707524585455
09:19:08 INFO:Epoch 34: Convergence estimate: 3.0
09:19:09 INFO:Epoch 34: Perplexity estimate: 2418.843926128985
09:19:43 INFO:Epoch 34: Coherence estimate: 0.4468681994743541
09:19:43 INFO:Epoch 34: Coherence estimate: -17.30718114605433
09:19:55 INFO:Epoch 35: Convergence estimate: 0.0
09:19:56 INFO:Epoch 35: Perplexity estimate: 2417.8110406477053
09:20:30 INFO:Epoch 35: Coherence estimate: 0.4432052687990423
09:20:30 INFO:Epoch 35: Coherence estimate: -17.259458247085995
09:20:43 INFO:Epoch 36: Convergence estimate: 1.0
09:20:44 INFO:Epoch 36: Perplexity estimate: 2416.6373894206977
09:21:18 INFO:Epoch 36: Coherence estimate: 0.4432052687990423
09:21:18 INFO:Epoch 36: Coherence estimate: -17.259845254524073
09:21:31 INFO:Epoch 37: Convergence estimate: 0.0
09:21:32 INFO:Epoch 37: Perplexity estimate: 2416.2039735882386
09:22:09 INFO:Epoch 37: Coherence estimate: 0.4432052687990423
09:22:09 INFO:Epoch 37: Coherence estimate: -17.259706184365236
09:22:22 INFO:Epoch 38: Convergence estimate: 1.0
09:22:24 INFO:Epoch 38: Perplexity estimate: 2415.376198369824
09:22:57 INFO:Epoch 38: Coherence estimate: 0.4432052687990423
09:22:57 INFO:Epoch 38: Coherence estimate: -17.259706184365236
09:23:11 INFO:Epoch 39: Convergence estimate: 0.0
09:23:12 INFO:Epoch 39: Perplexity estimate: 2415.041095264215
09:23:46 INFO:Epoch 39: Coherence estimate: 0.4432052687990423
09:23:46 INFO:Epoch 39: Coherence estimate: -17.259756318182212
09:23:59 INFO:Epoch 40: Convergence estimate: 1.0
09:24:01 INFO:Epoch 40: Perplexity estimate: 2414.636163899155
09:24:35 INFO:Epoch 40: Coherence estimate: 0.4432052687990423
09:24:35 INFO:Epoch 40: Coherence estimate: -17.26055965167522
09:24:49 INFO:Epoch 41: Convergence estimate: 1.0
09:24:50 INFO:Epoch 41: Perplexity estimate: 2413.860653587768
09:25:24 INFO:Epoch 41: Coherence estimate: 0.44290040468153746
09:25:24 INFO:Epoch 41: Coherence estimate: -17.25880359570349
09:25:41 INFO:Epoch 42: Convergence estimate: 1.0
09:25:42 INFO:Epoch 42: Perplexity estimate: 2413.555122381775
09:26:16 INFO:Epoch 42: Coherence estimate: 0.44290040468153746
09:26:16 INFO:Epoch 42: Coherence estimate: -17.25880359570349
09:26:30 INFO:Epoch 43: Convergence estimate: 0.0
09:26:31 INFO:Epoch 43: Perplexity estimate: 2412.891199817426
09:27:05 INFO:Epoch 43: Coherence estimate: 0.44290040468153746
09:27:05 INFO:Epoch 43: Coherence estimate: -17.25880359570349
09:27:20 INFO:Epoch 44: Convergence estimate: 0.0
09:27:21 INFO:Epoch 44: Perplexity estimate: 2412.462809240851
09:27:54 INFO:Epoch 44: Coherence estimate: 0.44290040468153746
09:27:54 INFO:Epoch 44: Coherence estimate: -17.259786279618318
09:28:10 INFO:Epoch 45: Convergence estimate: 0.0
09:28:11 INFO:Epoch 45: Perplexity estimate: 2412.144265944255
09:28:45 INFO:Epoch 45: Coherence estimate: 0.44290040468153746
09:28:45 INFO:Epoch 45: Coherence estimate: -17.25933576283153
09:29:00 INFO:Epoch 46: Convergence estimate: 0.0
09:29:02 INFO:Epoch 46: Perplexity estimate: 2411.7399312735006
09:29:38 INFO:Epoch 46: Coherence estimate: 0.44290040468153746
09:29:38 INFO:Epoch 46: Coherence estimate: -17.25933576283153
09:29:54 INFO:Epoch 47: Convergence estimate: 1.0
09:29:55 INFO:Epoch 47: Perplexity estimate: 2411.5723094341515
09:30:28 INFO:Epoch 47: Coherence estimate: 0.4398469969818125
09:30:28 INFO:Epoch 47: Coherence estimate: -17.189488046504973
09:30:44 INFO:Epoch 48: Convergence estimate: 0.0
09:30:46 INFO:Epoch 48: Perplexity estimate: 2411.057693413051
09:31:20 INFO:Epoch 48: Coherence estimate: 0.4398469969818125
09:31:20 INFO:Epoch 48: Coherence estimate: -17.189488046504973
09:31:36 INFO:Epoch 49: Convergence estimate: 1.0
09:31:37 INFO:Epoch 49: Perplexity estimate: 2410.8385299936626
09:32:11 INFO:Epoch 49: Coherence estimate: 0.4398469969818125
09:32:11 INFO:Epoch 49: Coherence estimate: -17.18834017358813
11:01:03 DEBUG:test message
